<?xml version="1.0" encoding="UTF-8"?>
<testng-results ignored="0" total="3" passed="2" failed="1" skipped="0">
  <reporter-output>
    <line>
      <![CDATA[Opened browser and landed on Login Screen]]>
    </line>
    <line>
      <![CDATA[Opened browser and landed on Login Screen]]>
    </line>
    <line>
      <![CDATA[The browser is opened and landed on OrangeHRM site]]>
    </line>
    <line>
      <![CDATA[Asserted Dashboard Screen by URL]]>
    </line>
    <line>
      <![CDATA[Test case asserting Dashboard Screen Failed]]>
    </line>
    <line>
      <![CDATA[Opened browser and landed on Login Screen]]>
    </line>
    <line>
      <![CDATA[Opened browser and landed on Login Screen]]>
    </line>
    <line>
      <![CDATA[The browser is opened and landed on OrangeHRM site]]>
    </line>
    <line>
      <![CDATA[Error message Displayed Successfully]]>
    </line>
    <line>
      <![CDATA[Test case asserting Invalid credentials message Passed]]>
    </line>
    <line>
      <![CDATA[Respective error message for Invalid Credentials displayed Successfully ]]>
    </line>
    <line>
      <![CDATA[Opened browser and landed on Login Screen]]>
    </line>
    <line>
      <![CDATA[Opened browser and landed on Login Screen]]>
    </line>
    <line>
      <![CDATA[The browser is opened and landed on OrangeHRM site]]>
    </line>
    <line>
      <![CDATA[Required Field message displayed successfully]]>
    </line>
    <line>
      <![CDATA[Test case asserting Empty Credentials Passed]]>
    </line>
    <line>
      <![CDATA[Required fileds message displayed, when empty text sent]]>
    </line>
  </reporter-output>
  <suite started-at="2024-08-21T16:01:48 IST" name="Default suite" finished-at="2024-08-21T16:02:15 IST" duration-ms="26975">
    <groups>
    </groups>
    <test started-at="2024-08-21T16:01:48 IST" name="Default test" finished-at="2024-08-21T16:02:15 IST" duration-ms="26975">
      <class name="org.orangeHRM.tests.LoginTest">
        <test-method is-config="true" signature="setup()[pri:0, instance:org.orangeHRM.tests.LoginTest@7714e963]" started-at="2024-08-21T16:01:48 IST" name="setup" finished-at="2024-08-21T16:01:55 IST" duration-ms="6987" status="PASS">
          <reporter-output>
            <line>
              <![CDATA[Opened browser and landed on Login Screen]]>
            </line>
          </reporter-output>
        </test-method> <!-- setup -->
        <test-method is-config="true" signature="setUp()[pri:0, instance:org.orangeHRM.tests.LoginTest@7714e963]" started-at="2024-08-21T16:01:55 IST" name="setUp" finished-at="2024-08-21T16:01:55 IST" duration-ms="571" status="PASS">
          <reporter-output>
            <line>
              <![CDATA[Opened browser and landed on Login Screen]]>
            </line>
            <line>
              <![CDATA[The browser is opened and landed on OrangeHRM site]]>
            </line>
          </reporter-output>
        </test-method> <!-- setUp -->
        <test-method signature="loginWithValidCredentials()[pri:1, instance:org.orangeHRM.tests.LoginTest@7714e963]" started-at="2024-08-21T16:01:55 IST" name="loginWithValidCredentials" finished-at="2024-08-21T16:01:57 IST" duration-ms="1862" status="FAIL">
          <exception class="java.lang.AssertionError">
            <message>
              <![CDATA[URL does not match expected [https://opensource-demo.orangehrmlive.com/web/index.php/dashboard/index] but found [https://opensource-demo.orangehrmlive.com/web/index.php/auth/login]]]>
            </message>
            <full-stacktrace>
              <![CDATA[java.lang.AssertionError: URL does not match expected [https://opensource-demo.orangehrmlive.com/web/index.php/dashboard/index] but found [https://opensource-demo.orangehrmlive.com/web/index.php/auth/login]
at org.testng.Assert.fail(Assert.java:99)
at org.testng.Assert.failNotEquals(Assert.java:1037)
at org.testng.Assert.assertEqualsImpl(Assert.java:140)
at org.testng.Assert.assertEquals(Assert.java:122)
at org.testng.Assert.assertEquals(Assert.java:629)
at org.orangeHRM.pages.LoginPage.loginAndAssertDashboard(LoginPage.java:94)
at org.orangeHRM.tests.LoginTest.loginWithValidCredentials(LoginTest.java:43)
at java.base/jdk.internal.reflect.NativeMethodAccessorImpl.invoke0(Native Method)
at java.base/jdk.internal.reflect.NativeMethodAccessorImpl.invoke(NativeMethodAccessorImpl.java:62)
at java.base/jdk.internal.reflect.DelegatingMethodAccessorImpl.invoke(DelegatingMethodAccessorImpl.java:43)
at java.base/java.lang.reflect.Method.invoke(Method.java:566)
at org.testng.internal.MethodInvocationHelper.invokeMethod(MethodInvocationHelper.java:133)
at org.testng.internal.TestInvoker.invokeMethod(TestInvoker.java:598)
at org.testng.internal.TestInvoker.invokeTestMethod(TestInvoker.java:173)
at org.testng.internal.MethodRunner.runInSequence(MethodRunner.java:46)
at org.testng.internal.TestInvoker$MethodInvocationAgent.invoke(TestInvoker.java:824)
at org.testng.internal.TestInvoker.invokeTestMethods(TestInvoker.java:146)
at org.testng.internal.TestMethodWorker.invokeTestMethods(TestMethodWorker.java:146)
at org.testng.internal.TestMethodWorker.run(TestMethodWorker.java:128)
at java.base/java.util.ArrayList.forEach(ArrayList.java:1541)
at org.testng.TestRunner.privateRun(TestRunner.java:794)
at org.testng.TestRunner.run(TestRunner.java:596)
at org.testng.SuiteRunner.runTest(SuiteRunner.java:377)
at org.testng.SuiteRunner.runSequentially(SuiteRunner.java:371)
at org.testng.SuiteRunner.privateRun(SuiteRunner.java:332)
at org.testng.SuiteRunner.run(SuiteRunner.java:276)
at org.testng.SuiteRunnerWorker.runSuite(SuiteRunnerWorker.java:53)
at org.testng.SuiteRunnerWorker.run(SuiteRunnerWorker.java:96)
at org.testng.TestNG.runSuitesSequentially(TestNG.java:1212)
at org.testng.TestNG.runSuitesLocally(TestNG.java:1134)
at org.testng.TestNG.runSuites(TestNG.java:1063)
at org.testng.TestNG.run(TestNG.java:1031)
at org.testng.remote.AbstractRemoteTestNG.run(AbstractRemoteTestNG.java:115)
at org.testng.remote.RemoteTestNG.initAndRun(RemoteTestNG.java:293)
at org.testng.remote.RemoteTestNG.main(RemoteTestNG.java:91)
]]>
            </full-stacktrace>
          </exception> <!-- java.lang.AssertionError -->
          <reporter-output>
            <line>
              <![CDATA[Asserted Dashboard Screen by URL]]>
            </line>
            <line>
              <![CDATA[Test case asserting Dashboard Screen Failed]]>
            </line>
          </reporter-output>
        </test-method> <!-- loginWithValidCredentials -->
        <test-method is-config="true" signature="tearDown()[pri:0, instance:org.orangeHRM.tests.LoginTest@7714e963]" started-at="2024-08-21T16:01:57 IST" name="tearDown" finished-at="2024-08-21T16:01:57 IST" duration-ms="125" status="PASS">
          <reporter-output>
          </reporter-output>
        </test-method> <!-- tearDown -->
        <test-method is-config="true" signature="setup()[pri:0, instance:org.orangeHRM.tests.LoginTest@7714e963]" started-at="2024-08-21T16:01:57 IST" name="setup" finished-at="2024-08-21T16:02:03 IST" duration-ms="5263" status="PASS">
          <reporter-output>
            <line>
              <![CDATA[Opened browser and landed on Login Screen]]>
            </line>
          </reporter-output>
        </test-method> <!-- setup -->
        <test-method is-config="true" signature="setUp()[pri:0, instance:org.orangeHRM.tests.LoginTest@7714e963]" started-at="2024-08-21T16:02:03 IST" name="setUp" finished-at="2024-08-21T16:02:03 IST" duration-ms="654" status="PASS">
          <reporter-output>
            <line>
              <![CDATA[Opened browser and landed on Login Screen]]>
            </line>
            <line>
              <![CDATA[The browser is opened and landed on OrangeHRM site]]>
            </line>
          </reporter-output>
        </test-method> <!-- setUp -->
        <test-method signature="loginWithInvalidCredentials()[pri:2, instance:org.orangeHRM.tests.LoginTest@7714e963]" started-at="2024-08-21T16:02:03 IST" name="loginWithInvalidCredentials" finished-at="2024-08-21T16:02:06 IST" duration-ms="2285" status="PASS">
          <reporter-output>
            <line>
              <![CDATA[Error message Displayed Successfully]]>
            </line>
            <line>
              <![CDATA[Test case asserting Invalid credentials message Passed]]>
            </line>
            <line>
              <![CDATA[Respective error message for Invalid Credentials displayed Successfully ]]>
            </line>
          </reporter-output>
        </test-method> <!-- loginWithInvalidCredentials -->
        <test-method is-config="true" signature="tearDown()[pri:0, instance:org.orangeHRM.tests.LoginTest@7714e963]" started-at="2024-08-21T16:02:06 IST" name="tearDown" finished-at="2024-08-21T16:02:06 IST" duration-ms="312" status="PASS">
          <reporter-output>
          </reporter-output>
        </test-method> <!-- tearDown -->
        <test-method is-config="true" signature="setup()[pri:0, instance:org.orangeHRM.tests.LoginTest@7714e963]" started-at="2024-08-21T16:02:06 IST" name="setup" finished-at="2024-08-21T16:02:12 IST" duration-ms="6651" status="PASS">
          <reporter-output>
            <line>
              <![CDATA[Opened browser and landed on Login Screen]]>
            </line>
          </reporter-output>
        </test-method> <!-- setup -->
        <test-method is-config="true" signature="setUp()[pri:0, instance:org.orangeHRM.tests.LoginTest@7714e963]" started-at="2024-08-21T16:02:12 IST" name="setUp" finished-at="2024-08-21T16:02:13 IST" duration-ms="609" status="PASS">
          <reporter-output>
            <line>
              <![CDATA[Opened browser and landed on Login Screen]]>
            </line>
            <line>
              <![CDATA[The browser is opened and landed on OrangeHRM site]]>
            </line>
          </reporter-output>
        </test-method> <!-- setUp -->
        <test-method signature="loginWithEmptyCredentials()[pri:3, instance:org.orangeHRM.tests.LoginTest@7714e963]" started-at="2024-08-21T16:02:13 IST" name="loginWithEmptyCredentials" finished-at="2024-08-21T16:02:14 IST" duration-ms="1089" status="PASS">
          <reporter-output>
            <line>
              <![CDATA[Required Field message displayed successfully]]>
            </line>
            <line>
              <![CDATA[Test case asserting Empty Credentials Passed]]>
            </line>
            <line>
              <![CDATA[Required fileds message displayed, when empty text sent]]>
            </line>
          </reporter-output>
        </test-method> <!-- loginWithEmptyCredentials -->
        <test-method is-config="true" signature="tearDown()[pri:0, instance:org.orangeHRM.tests.LoginTest@7714e963]" started-at="2024-08-21T16:02:14 IST" name="tearDown" finished-at="2024-08-21T16:02:15 IST" duration-ms="505" status="PASS">
          <reporter-output>
          </reporter-output>
        </test-method> <!-- tearDown -->
      </class> <!-- org.orangeHRM.tests.LoginTest -->
    </test> <!-- Default test -->
  </suite> <!-- Default suite -->
</testng-results>
