<html>
<head>
<title>TestNG:  Regression Tests</title>
<link href="../testng.css" rel="stylesheet" type="text/css" />
<link href="../my-testng.css" rel="stylesheet" type="text/css" />

<style type="text/css">
.log { display: none;} 
.stack-trace { display: none;} 
</style>
<script type="text/javascript">
<!--
function flip(e) {
  current = e.style.display;
  if (current == 'block') {
    e.style.display = 'none';
    return 0;
  }
  else {
    e.style.display = 'block';
    return 1;
  }
}

function toggleBox(szDivId, elem, msg1, msg2)
{
  var res = -1;  if (document.getElementById) {
    res = flip(document.getElementById(szDivId));
  }
  else if (document.all) {
    // this is the way old msie versions work
    res = flip(document.all[szDivId]);
  }
  if(elem) {
    if(res == 0) elem.innerHTML = msg1; else elem.innerHTML = msg2;
  }

}

function toggleAllBoxes() {
  if (document.getElementsByTagName) {
    d = document.getElementsByTagName('div');
    for (i = 0; i < d.length; i++) {
      if (d[i].className == 'log') {
        flip(d[i]);
      }
    }
  }
}

// -->
</script>

</head>
<body>
<h2 align='center'>Regression Tests</h2><table border='1' align="center">
<tr>
<td>Tests passed/Failed/Skipped:</td><td>3/2/0</td>
</tr><tr>
<td>Started on:</td><td>Wed Aug 21 15:58:15 IST 2024</td>
</tr>
<tr><td>Total time:</td><td>88 seconds (88405 ms)</td>
</tr><tr>
<td>Included groups:</td><td></td>
</tr><tr>
<td>Excluded groups:</td><td></td>
</tr>
</table><p/>
<small><i>(Hover the method name to see the test class name)</i></small><p/>
<table width='100%' border='1' class='invocation-failed'>
<tr><td colspan='4' align='center'><b>FAILED TESTS</b></td></tr>
<tr><td><b>Test method</b></td>
<td width="30%"><b>Exception</b></td>
<td width="10%"><b>Time (seconds)</b></td>
<td><b>Instance</b></td>
</tr>
<tr>
<td title='org.orangeHRM.tests.VerifyEmployeeTest.VerifyEmployeeDetail()'><b>VerifyEmployeeDetail</b><br>Test class: org.orangeHRM.tests.VerifyEmployeeTest<br/>
<a href="#Output-724525007" onClick='toggleBox("Output-724525007", this, "Show output", "Hide output");'>Show output</a>

<a href="#Output-724525007" onClick="toggleAllBoxes();">Show all outputs</a>
<div class='log' id="Output-724525007">
Username and Password entered successfully<br/>
Clicked Login button<br/>
Waited for the Element and Located the element By.xpath: //h6[normalize-space()='Dashboard']<br/>
URL matches as expected.<br/>
</div>
</td>
<td><div><pre>org.openqa.selenium.TimeoutException: Expected condition failed: waiting for visibility of element located by By.xpath: //span[normalize-space()=&apos;Directory&apos;] (tried for 15 second(s) with 500 milliseconds interval)
Build info: version: &apos;4.11.0&apos;, revision: &apos;040bc5406b&apos;
System info: os.name: &apos;Linux&apos;, os.arch: &apos;amd64&apos;, os.version: &apos;5.15.0-117-generic&apos;, java.version: &apos;11.0.24&apos;
Driver info: org.openqa.selenium.chrome.ChromeDriver
Capabilities {acceptInsecureCerts: false, browserName: chrome, browserVersion: 127.0.6533.88, chrome: {chromedriverVersion: 127.0.6533.119 (bdef6783a05..., userDataDir: /tmp/.org.chromium.Chromium...}, fedcm:accounts: true, goog:chromeOptions: {debuggerAddress: localhost:43851}, networkConnectionEnabled: false, pageLoadStrategy: normal, platformName: linux, proxy: Proxy(), se:cdp: ws://localhost:43851/devtoo..., se:cdpVersion: 127.0.6533.88, setWindowRect: true, strictFileInteractability: false, timeouts: {implicit: 0, pageLoad: 300000, script: 30000}, unhandledPromptBehavior: dismiss and notify, webauthn:extension:credBlob: true, webauthn:extension:largeBlob: true, webauthn:extension:minPinLength: true, webauthn:extension:prf: true, webauthn:virtualAuthenticators: true}
Session ID: 4c332f03f1f3486f1c26d8434f7da779
	at org.openqa.selenium.support.ui.WebDriverWait.timeoutException(WebDriverWait.java:84)
	at org.openqa.selenium.support.ui.FluentWait.until(FluentWait.java:230)
	at org.orangeHRM.AbstractComponents.AbstractComponents.waitForElementToAppear(AbstractComponents.java:51)
	at org.orangeHRM.AbstractComponents.AbstractComponents.waitAndGetElement(AbstractComponents.java:62)
	at org.orangeHRM.AbstractComponents.AbstractComponents.clickElement(AbstractComponents.java:67)
	at org.orangeHRM.pages.DirectoryPage.goToDirectory(DirectoryPage.java:67)
	at org.orangeHRM.tests.VerifyEmployeeTest.VerifyEmployeeDetail(VerifyEmployeeTest.java:32)
	at java.base/java.util.ArrayList.forEach(ArrayList.java:1541)
... Removed 27 stack frames</pre></div><a href='#' onClick='toggleBox("stack-trace724525007", this, "Click to show all stack frames", "Click to hide stack frames")'>Click to show all stack frames</a>
<div class='stack-trace' id='stack-trace724525007'><pre>org.openqa.selenium.TimeoutException: Expected condition failed: waiting for visibility of element located by By.xpath: //span[normalize-space()=&apos;Directory&apos;] (tried for 15 second(s) with 500 milliseconds interval)
Build info: version: &apos;4.11.0&apos;, revision: &apos;040bc5406b&apos;
System info: os.name: &apos;Linux&apos;, os.arch: &apos;amd64&apos;, os.version: &apos;5.15.0-117-generic&apos;, java.version: &apos;11.0.24&apos;
Driver info: org.openqa.selenium.chrome.ChromeDriver
Capabilities {acceptInsecureCerts: false, browserName: chrome, browserVersion: 127.0.6533.88, chrome: {chromedriverVersion: 127.0.6533.119 (bdef6783a05..., userDataDir: /tmp/.org.chromium.Chromium...}, fedcm:accounts: true, goog:chromeOptions: {debuggerAddress: localhost:43851}, networkConnectionEnabled: false, pageLoadStrategy: normal, platformName: linux, proxy: Proxy(), se:cdp: ws://localhost:43851/devtoo..., se:cdpVersion: 127.0.6533.88, setWindowRect: true, strictFileInteractability: false, timeouts: {implicit: 0, pageLoad: 300000, script: 30000}, unhandledPromptBehavior: dismiss and notify, webauthn:extension:credBlob: true, webauthn:extension:largeBlob: true, webauthn:extension:minPinLength: true, webauthn:extension:prf: true, webauthn:virtualAuthenticators: true}
Session ID: 4c332f03f1f3486f1c26d8434f7da779
	at org.openqa.selenium.support.ui.WebDriverWait.timeoutException(WebDriverWait.java:84)
	at org.openqa.selenium.support.ui.FluentWait.until(FluentWait.java:230)
	at org.orangeHRM.AbstractComponents.AbstractComponents.waitForElementToAppear(AbstractComponents.java:51)
	at org.orangeHRM.AbstractComponents.AbstractComponents.waitAndGetElement(AbstractComponents.java:62)
	at org.orangeHRM.AbstractComponents.AbstractComponents.clickElement(AbstractComponents.java:67)
	at org.orangeHRM.pages.DirectoryPage.goToDirectory(DirectoryPage.java:67)
	at org.orangeHRM.tests.VerifyEmployeeTest.VerifyEmployeeDetail(VerifyEmployeeTest.java:32)
	at java.base/jdk.internal.reflect.NativeMethodAccessorImpl.invoke0(Native Method)
	at java.base/jdk.internal.reflect.NativeMethodAccessorImpl.invoke(NativeMethodAccessorImpl.java:62)
	at java.base/jdk.internal.reflect.DelegatingMethodAccessorImpl.invoke(DelegatingMethodAccessorImpl.java:43)
	at java.base/java.lang.reflect.Method.invoke(Method.java:566)
	at org.testng.internal.MethodInvocationHelper.invokeMethod(MethodInvocationHelper.java:133)
	at org.testng.internal.TestInvoker.invokeMethod(TestInvoker.java:598)
	at org.testng.internal.TestInvoker.invokeTestMethod(TestInvoker.java:173)
	at org.testng.internal.MethodRunner.runInSequence(MethodRunner.java:46)
	at org.testng.internal.TestInvoker$MethodInvocationAgent.invoke(TestInvoker.java:824)
	at org.testng.internal.TestInvoker.invokeTestMethods(TestInvoker.java:146)
	at org.testng.internal.TestMethodWorker.invokeTestMethods(TestMethodWorker.java:146)
	at org.testng.internal.TestMethodWorker.run(TestMethodWorker.java:128)
	at java.base/java.util.ArrayList.forEach(ArrayList.java:1541)
	at org.testng.TestRunner.privateRun(TestRunner.java:794)
	at org.testng.TestRunner.run(TestRunner.java:596)
	at org.testng.SuiteRunner.runTest(SuiteRunner.java:377)
	at org.testng.SuiteRunner.runSequentially(SuiteRunner.java:371)
	at org.testng.SuiteRunner.privateRun(SuiteRunner.java:332)
	at org.testng.SuiteRunner.run(SuiteRunner.java:276)
	at org.testng.SuiteRunnerWorker.runSuite(SuiteRunnerWorker.java:53)
	at org.testng.SuiteRunnerWorker.run(SuiteRunnerWorker.java:96)
	at org.testng.TestNG.runSuitesSequentially(TestNG.java:1212)
	at org.testng.TestNG.runSuitesLocally(TestNG.java:1134)
	at org.testng.TestNG.runSuites(TestNG.java:1063)
	at org.testng.TestNG.run(TestNG.java:1031)
	at org.testng.remote.AbstractRemoteTestNG.run(AbstractRemoteTestNG.java:115)
	at org.testng.remote.RemoteTestNG.initAndRun(RemoteTestNG.java:293)
	at org.testng.remote.RemoteTestNG.main(RemoteTestNG.java:91)
</pre></div></td>
<td>18</td>
<td>org.orangeHRM.tests.VerifyEmployeeTest@52bf72b5</td></tr>
<tr>
<td title='org.orangeHRM.tests.AddEmployeeTest.addEmployeeDetail()'><b>addEmployeeDetail</b><br>Test class: org.orangeHRM.tests.AddEmployeeTest<br/>
<a href="#Output-1920321355" onClick='toggleBox("Output-1920321355", this, "Show output", "Hide output");'>Show output</a>

<a href="#Output-1920321355" onClick="toggleAllBoxes();">Show all outputs</a>
<div class='log' id="Output-1920321355">
Username and Password entered successfully<br/>
Clicked Login button<br/>
Waited for the Element and Located the element By.xpath: //h6[normalize-space()='Dashboard']<br/>
URL matches as expected.<br/>
Waited for the Element and Located the element By.xpath: //span[normalize-space()='PIM']<br/>
PIM is clicked !!<br/>
Waiting for the Element until its loading <br/>
Waited for the Element and Located the element By.xpath: //h6[normalize-space()='PIM']<br/>
URL matches as expected.<br/>
Waited for the Element and Located the element By.xpath: //a[normalize-space()='Add Employee']<br/>
Add Employee is clicked !!<br/>
Waiting for the Element until its loading <br/>
Waited for the Element and Located the element By.xpath: //h6[normalize-space()='Add Employee']<br/>
URL matches as expected.<br/>
Waited for the Element and Located the element By.xpath: //input[@placeholder='First Name']<br/>
Sheldon Value Entered<br/>
Waited for the Element and Located the element By.xpath: //input[@placeholder='Last Name']<br/>
Cooper Value Entered<br/>
Waited for the Element and Located the element By.xpath: //label[text()='Employee Id']/parent::div/following-sibling::div//input<br/>
00584 Value Entered<br/>
Waited for the Element and Located the element By.xpath: //button[normalize-space()='Save']<br/>
Save is clicked !!<br/>
Waiting for the Element until its loading <br/>
</div>
</td>
<td><div><pre>org.openqa.selenium.TimeoutException: Expected condition failed: waiting for visibility of element located by By.xpath: //h6[normalize-space()=&apos;Sheldon Cooper&apos;] (tried for 15 second(s) with 500 milliseconds interval)
Build info: version: &apos;4.11.0&apos;, revision: &apos;040bc5406b&apos;
System info: os.name: &apos;Linux&apos;, os.arch: &apos;amd64&apos;, os.version: &apos;5.15.0-117-generic&apos;, java.version: &apos;11.0.24&apos;
Driver info: org.openqa.selenium.chrome.ChromeDriver
Capabilities {acceptInsecureCerts: false, browserName: chrome, browserVersion: 127.0.6533.88, chrome: {chromedriverVersion: 127.0.6533.119 (bdef6783a05..., userDataDir: /tmp/.org.chromium.Chromium...}, fedcm:accounts: true, goog:chromeOptions: {debuggerAddress: localhost:34227}, networkConnectionEnabled: false, pageLoadStrategy: normal, platformName: linux, proxy: Proxy(), se:cdp: ws://localhost:34227/devtoo..., se:cdpVersion: 127.0.6533.88, setWindowRect: true, strictFileInteractability: false, timeouts: {implicit: 0, pageLoad: 300000, script: 30000}, unhandledPromptBehavior: dismiss and notify, webauthn:extension:credBlob: true, webauthn:extension:largeBlob: true, webauthn:extension:minPinLength: true, webauthn:extension:prf: true, webauthn:virtualAuthenticators: true}
Session ID: 585ce61c9f37b81b41ef8fa7b20f4144
	at org.openqa.selenium.support.ui.WebDriverWait.timeoutException(WebDriverWait.java:84)
	at org.openqa.selenium.support.ui.FluentWait.until(FluentWait.java:230)
	at org.orangeHRM.AbstractComponents.AbstractComponents.waitForElementToAppear(AbstractComponents.java:51)
	at org.orangeHRM.pages.PIMPage.assertFullNameTitle(PIMPage.java:103)
	at org.orangeHRM.tests.AddEmployeeTest.addEmployeeDetail(AddEmployeeTest.java:43)
	at java.base/java.util.ArrayList.forEach(ArrayList.java:1541)
... Removed 27 stack frames</pre></div><a href='#' onClick='toggleBox("stack-trace1920321355", this, "Click to show all stack frames", "Click to hide stack frames")'>Click to show all stack frames</a>
<div class='stack-trace' id='stack-trace1920321355'><pre>org.openqa.selenium.TimeoutException: Expected condition failed: waiting for visibility of element located by By.xpath: //h6[normalize-space()=&apos;Sheldon Cooper&apos;] (tried for 15 second(s) with 500 milliseconds interval)
Build info: version: &apos;4.11.0&apos;, revision: &apos;040bc5406b&apos;
System info: os.name: &apos;Linux&apos;, os.arch: &apos;amd64&apos;, os.version: &apos;5.15.0-117-generic&apos;, java.version: &apos;11.0.24&apos;
Driver info: org.openqa.selenium.chrome.ChromeDriver
Capabilities {acceptInsecureCerts: false, browserName: chrome, browserVersion: 127.0.6533.88, chrome: {chromedriverVersion: 127.0.6533.119 (bdef6783a05..., userDataDir: /tmp/.org.chromium.Chromium...}, fedcm:accounts: true, goog:chromeOptions: {debuggerAddress: localhost:34227}, networkConnectionEnabled: false, pageLoadStrategy: normal, platformName: linux, proxy: Proxy(), se:cdp: ws://localhost:34227/devtoo..., se:cdpVersion: 127.0.6533.88, setWindowRect: true, strictFileInteractability: false, timeouts: {implicit: 0, pageLoad: 300000, script: 30000}, unhandledPromptBehavior: dismiss and notify, webauthn:extension:credBlob: true, webauthn:extension:largeBlob: true, webauthn:extension:minPinLength: true, webauthn:extension:prf: true, webauthn:virtualAuthenticators: true}
Session ID: 585ce61c9f37b81b41ef8fa7b20f4144
	at org.openqa.selenium.support.ui.WebDriverWait.timeoutException(WebDriverWait.java:84)
	at org.openqa.selenium.support.ui.FluentWait.until(FluentWait.java:230)
	at org.orangeHRM.AbstractComponents.AbstractComponents.waitForElementToAppear(AbstractComponents.java:51)
	at org.orangeHRM.pages.PIMPage.assertFullNameTitle(PIMPage.java:103)
	at org.orangeHRM.tests.AddEmployeeTest.addEmployeeDetail(AddEmployeeTest.java:43)
	at java.base/jdk.internal.reflect.NativeMethodAccessorImpl.invoke0(Native Method)
	at java.base/jdk.internal.reflect.NativeMethodAccessorImpl.invoke(NativeMethodAccessorImpl.java:62)
	at java.base/jdk.internal.reflect.DelegatingMethodAccessorImpl.invoke(DelegatingMethodAccessorImpl.java:43)
	at java.base/java.lang.reflect.Method.invoke(Method.java:566)
	at org.testng.internal.MethodInvocationHelper.invokeMethod(MethodInvocationHelper.java:133)
	at org.testng.internal.TestInvoker.invokeMethod(TestInvoker.java:598)
	at org.testng.internal.TestInvoker.invokeTestMethod(TestInvoker.java:173)
	at org.testng.internal.MethodRunner.runInSequence(MethodRunner.java:46)
	at org.testng.internal.TestInvoker$MethodInvocationAgent.invoke(TestInvoker.java:824)
	at org.testng.internal.TestInvoker.invokeTestMethods(TestInvoker.java:146)
	at org.testng.internal.TestMethodWorker.invokeTestMethods(TestMethodWorker.java:146)
	at org.testng.internal.TestMethodWorker.run(TestMethodWorker.java:128)
	at java.base/java.util.ArrayList.forEach(ArrayList.java:1541)
	at org.testng.TestRunner.privateRun(TestRunner.java:794)
	at org.testng.TestRunner.run(TestRunner.java:596)
	at org.testng.SuiteRunner.runTest(SuiteRunner.java:377)
	at org.testng.SuiteRunner.runSequentially(SuiteRunner.java:371)
	at org.testng.SuiteRunner.privateRun(SuiteRunner.java:332)
	at org.testng.SuiteRunner.run(SuiteRunner.java:276)
	at org.testng.SuiteRunnerWorker.runSuite(SuiteRunnerWorker.java:53)
	at org.testng.SuiteRunnerWorker.run(SuiteRunnerWorker.java:96)
	at org.testng.TestNG.runSuitesSequentially(TestNG.java:1212)
	at org.testng.TestNG.runSuitesLocally(TestNG.java:1134)
	at org.testng.TestNG.runSuites(TestNG.java:1063)
	at org.testng.TestNG.run(TestNG.java:1031)
	at org.testng.remote.AbstractRemoteTestNG.run(AbstractRemoteTestNG.java:115)
	at org.testng.remote.RemoteTestNG.initAndRun(RemoteTestNG.java:293)
	at org.testng.remote.RemoteTestNG.main(RemoteTestNG.java:91)
</pre></div></td>
<td>24</td>
<td>org.orangeHRM.tests.AddEmployeeTest@6d763516</td></tr>
</table><p>
<table width='100%' border='1' class='invocation-passed'>
<tr><td colspan='4' align='center'><b>PASSED TESTS</b></td></tr>
<tr><td><b>Test method</b></td>
<td width="30%"><b>Exception</b></td>
<td width="10%"><b>Time (seconds)</b></td>
<td><b>Instance</b></td>
</tr>
<tr>
<td title='org.orangeHRM.tests.LoginTest.loginWithInvalidCredentials()'><b>loginWithInvalidCredentials</b><br>Test class: org.orangeHRM.tests.LoginTest<br/>
<a href="#Output-985679444" onClick='toggleBox("Output-985679444", this, "Show output", "Hide output");'>Show output</a>

<a href="#Output-985679444" onClick="toggleAllBoxes();">Show all outputs</a>
<div class='log' id="Output-985679444">
Error message Displayed Successfully<br/>
Test case asserting Invalid credentials message Passed<br/>
Respective error message for Invalid Credentials displayed Successfully <br/>
</div>
</td>
<td></td>
<td>1</td>
<td>org.orangeHRM.tests.LoginTest@56620197</td></tr>
<tr>
<td title='org.orangeHRM.tests.LoginTest.loginWithEmptyCredentials()'><b>loginWithEmptyCredentials</b><br>Test class: org.orangeHRM.tests.LoginTest<br/>
<a href="#Output-1210600718" onClick='toggleBox("Output-1210600718", this, "Show output", "Hide output");'>Show output</a>

<a href="#Output-1210600718" onClick="toggleAllBoxes();">Show all outputs</a>
<div class='log' id="Output-1210600718">
Required Field message displayed successfully<br/>
Test case asserting Empty Credentials Passed<br/>
Required fileds message displayed, when empty text sent<br/>
</div>
</td>
<td></td>
<td>0</td>
<td>org.orangeHRM.tests.LoginTest@56620197</td></tr>
<tr>
<td title='org.orangeHRM.tests.LoginTest.loginWithValidCredentials()'><b>loginWithValidCredentials</b><br>Test class: org.orangeHRM.tests.LoginTest<br/>
<a href="#Output-1145302895" onClick='toggleBox("Output-1145302895", this, "Show output", "Hide output");'>Show output</a>

<a href="#Output-1145302895" onClick="toggleAllBoxes();">Show all outputs</a>
<div class='log' id="Output-1145302895">
Asserted Dashboard Screen by URL<br/>
Asserted Dashboard Screen by Title<br/>
Test case asserting Dashboard Passed<br/>
Logged in Successfully with Valid Credentials<br/>
</div>
</td>
<td></td>
<td>2</td>
<td>org.orangeHRM.tests.LoginTest@56620197</td></tr>
</table><p>
</body>
</html>